<?xml version="1.0" encoding="UTF-8"?>
<testng-results ignored="0" total="1" passed="1" failed="0" skipped="0">
  <reporter-output>
  </reporter-output>
  <suite started-at="2025-01-20T13:00:45 IST" name="Default suite" finished-at="2025-01-20T13:00:52 IST" duration-ms="6839">
    <groups>
    </groups>
    <test started-at="2025-01-20T13:00:45 IST" name="Default test" finished-at="2025-01-20T13:00:52 IST" duration-ms="6839">
      <class name="tutorialsninja.registerfunctionality.TC_RF_001">
        <test-method signature="VerifyRegisteringWithMandatoryField()[pri:0, instance:tutorialsninja.registerfunctionality.TC_RF_001@4ec4f3a0]" started-at="2025-01-20T13:00:45 IST" name="VerifyRegisteringWithMandatoryField" finished-at="2025-01-20T13:00:52 IST" duration-ms="6782" status="PASS">
          <reporter-output>
          </reporter-output>
        </test-method> <!-- VerifyRegisteringWithMandatoryField -->
      </class> <!-- tutorialsninja.registerfunctionality.TC_RF_001 -->
    </test> <!-- Default test -->
  </suite> <!-- Default suite -->
</testng-results>
